[INFO   ] - Server running on port 5000
[INFO   ] - MongoDB Connected...
[INFO   ] - New client connected:
[INFO   ] - Server running on port 5000
[INFO   ] - MongoDB Connected...
[INFO   ] - New client connected:
[INFO   ] - the email
[INFO   ] - Sending verification email to mishabprovider@gmail.com with OTP: 526988 mail
[ERROR  ] - Error sending booking completion email to mishabprovider@gmail.com: Invalid login: 535-5.7.8 Username and Password not accepted. For more information, go to
535 5.7.8  https://support.google.com/mail/?p=BadCredentials d9443c01a7336-29034de56desm37446125ad.19 - gsmtp
[ERROR  ] - PATCH /api/bookings/updateBookingStatus/68e5f1c628516af360531e98 500 Failed to send booking completion email. -> Failed to send booking completion email.
[INFO   ] - Server running on port 5000
[INFO   ] - MongoDB Connected...
[INFO   ] - New client connected:
[INFO   ] - the email
[INFO   ] - Sending verification email to mishabprovider@gmail.com with OTP: 539781 mail
[ERROR  ] - Error sending booking completion email to mishabprovider@gmail.com: Invalid login: 535-5.7.8 Username and Password not accepted. For more information, go to
535 5.7.8  https://support.google.com/mail/?p=BadCredentials 98e67ed59e1d1-33b529e0e9asm3592236a91.4 - gsmtp
[ERROR  ] - PATCH /api/bookings/updateBookingStatus/68e5f1c628516af360531e98 500 Failed to send booking completion email. -> Failed to send booking completion email.
[ERROR  ] - POST /api/bookings/verify-bookingCompletion-otp 403 OTP Verification Failed. Please try again later. -> OTP Verification Failed. Please try again later.
[INFO   ] - Server running on port 5000
[INFO   ] - MongoDB Connected...
[INFO   ] - New client connected:
[INFO   ] - Server running on port 5000
[INFO   ] - New client connected:
[INFO   ] - MongoDB Connected...
[INFO   ] - Server running on port 5000
[INFO   ] - MongoDB Connected...
[INFO   ] - the email
[INFO   ] - Sending verification email to mishabprovider@gmail.com with OTP: 180503 mail
[ERROR  ] - Error sending booking completion email to mishabprovider@gmail.com: Invalid login: 535-5.7.8 Username and Password not accepted. For more information, go to
535 5.7.8  https://support.google.com/mail/?p=BadCredentials d2e1a72fcca58-799283c1a14sm698302b3a.0 - gsmtp
[ERROR  ] - PATCH /api/bookings/updateBookingStatus/68e5f1c628516af360531e98 500 Failed to send booking completion email. -> Failed to send booking completion email.
[INFO   ] - the email
[INFO   ] - Sending verification email to moosabilal75608@gmail.com with OTP: 166110 mail
[ERROR  ] - Error sending booking completion email to moosabilal75608@gmail.com: Invalid login: 535-5.7.8 Username and Password not accepted. For more information, go to
535 5.7.8  https://support.google.com/mail/?p=BadCredentials 41be03b00d2f7-b678df233cfsm497049a12.28 - gsmtp
[ERROR  ] - PATCH /api/bookings/updateBookingStatus/68e600a79fad98c9b09f8184 500 Failed to send booking completion email. -> Failed to send booking completion email.
[INFO   ] - Server running on port 5000
[INFO   ] - MongoDB Connected...
[INFO   ] - the email
[INFO   ] - Sending verification email to mishabprovider@gmail.com with OTP: 550222 mail
[INFO   ] - Verification OTP sent to mishabprovider@gmail.com
[INFO   ] - the email
[INFO   ] - Sending verification email to mishabprovider@gmail.com with OTP: 910498 mail
[INFO   ] - Verification OTP sent to mishabprovider@gmail.com
[ERROR  ] - POST /api/bookings/verify-bookingCompletion-otp 403 OTP Verification Failed. Please try again later. -> OTP Verification Failed. Please try again later.
[ERROR  ] - POST /api/bookings/verify-bookingCompletion-otp 403 OTP Verification Failed. Please try again later. -> OTP Verification Failed. Please try again later.
[INFO   ] - Client disconnected: qJ1iTiYt2zz9S5PKAAAB
[INFO   ] - Server running on port 5000
[INFO   ] - MongoDB Connected...
[INFO   ] - Client disconnected: 21BJPyF-B_FfTokeAAAB
[INFO   ] - Client disconnected: Rne5NVUkjNY56GOPAAAD
[INFO   ] - Server running on port 5000
[INFO   ] - MongoDB Connected...
[INFO   ] - Server running on port 5000
[INFO   ] - MongoDB Connected...
[INFO   ] - Server running on port 5000
[INFO   ] - MongoDB Connected...
[INFO   ] - Client disconnected: ad2xbLT-X45E4x9fAAAB
[INFO   ] - Server running on port 5000
[INFO   ] - MongoDB Connected...
[INFO   ] - Client disconnected: 7pG3Kbk_iKMVLJS7AAAB
[INFO   ] - Server running on port 5000
[INFO   ] - MongoDB Connected...
[INFO   ] - Server running on port 5000
[INFO   ] - MongoDB Connected...
[INFO   ] - Client disconnected: jQAr7R61B1f-miK-AAAB
[INFO   ] - Client disconnected: 8GWOOWsWWXDJeAW7AAAD
[INFO   ] - Client disconnected: 0fgbyYiGu5Fk_B7dAAAF
[INFO   ] - Client disconnected: P5VieaYlM-GPjjhkAAAH
[INFO   ] - Client disconnected: dlfODt4lxePRJXp1AAAJ
[INFO   ] - Client disconnected: 9mRIzio6igOirHI9AAAL
[INFO   ] - Client disconnected: meKrzQD8_qv3GyMvAAAN
[INFO   ] - Client disconnected: WyC9b9fIu04apZVPAAAP
[INFO   ] - Client disconnected: AA49ZYPxgli-NQvmAAAR
[INFO   ] - Client disconnected: wiXXznT5yVUl899jAAAT
[INFO   ] - Client disconnected: 2L9dqTLfPhiLdL-TAAAV
[INFO   ] - Client disconnected: WLXPo0HwF3f9yqgUAAAX
[INFO   ] - Client disconnected: LUiIz1hjkXmBalnnAAAZ
[INFO   ] - Client disconnected: n02cNG-BrYatCMASAAAb
[INFO   ] - Client disconnected: Byze3x7iMQAPr4udAAAd
[INFO   ] - Client disconnected: rnjD7xQjM9nJNK--AAAf
[INFO   ] - Client disconnected: gg1my_vrYgOrOr2kAAAh
[ERROR  ] - GET /api/provider/earnings?period=week 500 getaddrinfo EAI_AGAIN cluster0-shard-00-01.1xluc.mongodb.net -> getaddrinfo EAI_AGAIN cluster0-shard-00-01.1xluc.mongodb.net
[INFO   ] - Client disconnected: l_8p60KibqTTdNOFAAAj
[ERROR  ] - GET /api/auth/getUser 500 getaddrinfo EAI_AGAIN cluster0-shard-00-01.1xluc.mongodb.net -> getaddrinfo EAI_AGAIN cluster0-shard-00-01.1xluc.mongodb.net
[ERROR  ] - GET /api/provider/earnings?period=week 500 getaddrinfo EAI_AGAIN cluster0-shard-00-01.1xluc.mongodb.net -> getaddrinfo EAI_AGAIN cluster0-shard-00-01.1xluc.mongodb.net
[INFO   ] - Client disconnected: V8leJ9oIGXx_qrR9AAAl
[ERROR  ] - GET /api/auth/getUser 500 getaddrinfo EAI_AGAIN cluster0-shard-00-01.1xluc.mongodb.net -> getaddrinfo EAI_AGAIN cluster0-shard-00-01.1xluc.mongodb.net
[ERROR  ] - POST /api/auth/refresh-token 403 Refresh token invalid or expired. Please re-login. -> Refresh token invalid or expired. Please re-login.
[INFO   ] - Client disconnected: 5KFas2FD1DtZA7RIAAAn
[ERROR  ] - POST /api/auth/refresh-token 403 Refresh token invalid or expired. Please re-login. -> Refresh token invalid or expired. Please re-login.
[ERROR  ] - GET /api/categories 500 getaddrinfo EAI_AGAIN cluster0-shard-00-01.1xluc.mongodb.net -> getaddrinfo EAI_AGAIN cluster0-shard-00-01.1xluc.mongodb.net
[ERROR  ] - GET /api/provider/getFeaturedProviders 500 getaddrinfo EAI_AGAIN cluster0-shard-00-01.1xluc.mongodb.net -> getaddrinfo EAI_AGAIN cluster0-shard-00-01.1xluc.mongodb.net
[INFO   ] - Client disconnected: jYReBzcZpFhO4ElyAAAp
[ERROR  ] - POST /api/auth/refresh-token 403 Refresh token invalid or expired. Please re-login. -> Refresh token invalid or expired. Please re-login.
[ERROR  ] - GET /api/categories 500 getaddrinfo EAI_AGAIN cluster0-shard-00-01.1xluc.mongodb.net -> getaddrinfo EAI_AGAIN cluster0-shard-00-01.1xluc.mongodb.net
[ERROR  ] - GET /api/provider/getFeaturedProviders 500 getaddrinfo EAI_AGAIN cluster0-shard-00-01.1xluc.mongodb.net -> getaddrinfo EAI_AGAIN cluster0-shard-00-01.1xluc.mongodb.net
[ERROR  ] - POST /api/auth/refresh-token 403 Refresh token invalid or expired. Please re-login. -> Refresh token invalid or expired. Please re-login.
[INFO   ] - Client disconnected: TNWcGrJoVWRNmvFzAAAr
[ERROR  ] - POST /api/auth/refresh-token 403 Refresh token invalid or expired. Please re-login. -> Refresh token invalid or expired. Please re-login.
[ERROR  ] - GET /api/categories 500 getaddrinfo EAI_AGAIN cluster0-shard-00-01.1xluc.mongodb.net -> getaddrinfo EAI_AGAIN cluster0-shard-00-01.1xluc.mongodb.net
[ERROR  ] - GET /api/provider/getFeaturedProviders 500 getaddrinfo EAI_AGAIN cluster0-shard-00-01.1xluc.mongodb.net -> getaddrinfo EAI_AGAIN cluster0-shard-00-01.1xluc.mongodb.net
[ERROR  ] - POST /api/auth/refresh-token 403 Refresh token invalid or expired. Please re-login. -> Refresh token invalid or expired. Please re-login.
[INFO   ] - Client disconnected: 1aBCm8rVL7IwGSYtAAAt
[ERROR  ] - POST /api/auth/refresh-token 403 Refresh token invalid or expired. Please re-login. -> Refresh token invalid or expired. Please re-login.
[ERROR  ] - GET /api/categories 500 getaddrinfo EAI_AGAIN cluster0-shard-00-01.1xluc.mongodb.net -> getaddrinfo EAI_AGAIN cluster0-shard-00-01.1xluc.mongodb.net
[ERROR  ] - GET /api/provider/getFeaturedProviders 500 getaddrinfo EAI_AGAIN cluster0-shard-00-01.1xluc.mongodb.net -> getaddrinfo EAI_AGAIN cluster0-shard-00-01.1xluc.mongodb.net
[ERROR  ] - POST /api/auth/refresh-token 403 Refresh token invalid or expired. Please re-login. -> Refresh token invalid or expired. Please re-login.
[INFO   ] - Client disconnected: bZ0fMmIH9NGTUpcMAAAv
[ERROR  ] - POST /api/auth/refresh-token 403 Refresh token invalid or expired. Please re-login. -> Refresh token invalid or expired. Please re-login.
[ERROR  ] - GET /api/categories 500 getaddrinfo EAI_AGAIN cluster0-shard-00-01.1xluc.mongodb.net -> getaddrinfo EAI_AGAIN cluster0-shard-00-01.1xluc.mongodb.net
[ERROR  ] - GET /api/provider/getFeaturedProviders 500 getaddrinfo EAI_AGAIN cluster0-shard-00-01.1xluc.mongodb.net -> getaddrinfo EAI_AGAIN cluster0-shard-00-01.1xluc.mongodb.net
[INFO   ] - Client disconnected: ZYyLmlPc_Q4jwWCbAAAx
[ERROR  ] - POST /api/auth/refresh-token 403 Refresh token invalid or expired. Please re-login. -> Refresh token invalid or expired. Please re-login.
[ERROR  ] - GET /api/categories 500 getaddrinfo EAI_AGAIN cluster0-shard-00-01.1xluc.mongodb.net -> getaddrinfo EAI_AGAIN cluster0-shard-00-01.1xluc.mongodb.net
[ERROR  ] - GET /api/provider/getFeaturedProviders 500 getaddrinfo EAI_AGAIN cluster0-shard-00-01.1xluc.mongodb.net -> getaddrinfo EAI_AGAIN cluster0-shard-00-01.1xluc.mongodb.net
[ERROR  ] - POST /api/auth/refresh-token 403 Refresh token invalid or expired. Please re-login. -> Refresh token invalid or expired. Please re-login.
[INFO   ] - Client disconnected: nEZzfFz6e_XkNm7hAAAz
[ERROR  ] - POST /api/auth/refresh-token 403 Refresh token invalid or expired. Please re-login. -> Refresh token invalid or expired. Please re-login.
[ERROR  ] - GET /api/categories 500 getaddrinfo EAI_AGAIN cluster0-shard-00-01.1xluc.mongodb.net -> getaddrinfo EAI_AGAIN cluster0-shard-00-01.1xluc.mongodb.net
[ERROR  ] - GET /api/provider/getFeaturedProviders 500 getaddrinfo EAI_AGAIN cluster0-shard-00-01.1xluc.mongodb.net -> getaddrinfo EAI_AGAIN cluster0-shard-00-01.1xluc.mongodb.net
[INFO   ] - Client disconnected: ga5U9p_NBxIYnSZbAAA1
[ERROR  ] - POST /api/auth/refresh-token 403 Refresh token invalid or expired. Please re-login. -> Refresh token invalid or expired. Please re-login.
[ERROR  ] - GET /api/categories 500 getaddrinfo EAI_AGAIN cluster0-shard-00-01.1xluc.mongodb.net -> getaddrinfo EAI_AGAIN cluster0-shard-00-01.1xluc.mongodb.net
[ERROR  ] - GET /api/provider/getFeaturedProviders 500 getaddrinfo EAI_AGAIN cluster0-shard-00-01.1xluc.mongodb.net -> getaddrinfo EAI_AGAIN cluster0-shard-00-01.1xluc.mongodb.net
[ERROR  ] - POST /api/auth/refresh-token 403 Refresh token invalid or expired. Please re-login. -> Refresh token invalid or expired. Please re-login.
[INFO   ] - Client disconnected: aFJfWP_cdp1dF4vtAAA3
[ERROR  ] - POST /api/auth/refresh-token 403 Refresh token invalid or expired. Please re-login. -> Refresh token invalid or expired. Please re-login.
[ERROR  ] - GET /api/categories 500 getaddrinfo EAI_AGAIN cluster0-shard-00-01.1xluc.mongodb.net -> getaddrinfo EAI_AGAIN cluster0-shard-00-01.1xluc.mongodb.net
[ERROR  ] - GET /api/provider/getFeaturedProviders 500 getaddrinfo EAI_AGAIN cluster0-shard-00-01.1xluc.mongodb.net -> getaddrinfo EAI_AGAIN cluster0-shard-00-01.1xluc.mongodb.net
[INFO   ] - Client disconnected: _0Y9U4WA7nltdvZCAAA5
[ERROR  ] - POST /api/auth/refresh-token 403 Refresh token invalid or expired. Please re-login. -> Refresh token invalid or expired. Please re-login.
[ERROR  ] - GET /api/categories 500 getaddrinfo EAI_AGAIN cluster0-shard-00-01.1xluc.mongodb.net -> getaddrinfo EAI_AGAIN cluster0-shard-00-01.1xluc.mongodb.net
[ERROR  ] - GET /api/provider/getFeaturedProviders 500 getaddrinfo EAI_AGAIN cluster0-shard-00-01.1xluc.mongodb.net -> getaddrinfo EAI_AGAIN cluster0-shard-00-01.1xluc.mongodb.net
[ERROR  ] - POST /api/auth/refresh-token 403 Refresh token invalid or expired. Please re-login. -> Refresh token invalid or expired. Please re-login.
[INFO   ] - Client disconnected: mgAY-NqHa7NNQs26AAA7
