[2026-01-06 00:43:52] [INFO   ] - Server running on port 5000
[2026-01-06 00:43:55] [INFO   ] - MongoDB Connected...
[2026-01-06 00:44:03] [INFO   ] - Server running on port 5000
[2026-01-06 00:44:04] [INFO   ] - MongoDB Connected...
[2026-01-06 11:43:15] [INFO   ] - Server running on port 5000
[2026-01-06 11:43:17] [INFO   ] - MongoDB Connected...
[2026-01-06 11:43:47] [INFO   ] - Client disconnected: 5SvjudLB_riW8OBrAAAB
[2026-01-06 11:43:51] [ERROR  ] - Token verification failed: jwt expired
[2026-01-06 11:43:51] [INFO   ] - Socket m_TlWVTdOHGvEvzjAAAD joined booking room: 693b935ffe1c6bb4909a8656-693b984afe1c6bb4909a86e2
[2026-01-06 11:43:51] [INFO   ] - Socket m_TlWVTdOHGvEvzjAAAD joined booking room: 693b935ffe1c6bb4909a8656-693b984afe1c6bb4909a86e2
[2026-01-06 11:43:55] [INFO   ] - Socket m_TlWVTdOHGvEvzjAAAD joined booking room: 693a4eb555f277c041b5a631-693b984afe1c6bb4909a86e2
[2026-01-06 11:44:27] [INFO   ] - Socket m_TlWVTdOHGvEvzjAAAD joined booking room: 693a4eb555f277c041b5a631-693b984afe1c6bb4909a86e2
[2026-01-06 11:44:27] [INFO   ] - Client disconnected: m_TlWVTdOHGvEvzjAAAD
[2026-01-06 12:16:45] [INFO   ] - THE DATA IS
[2026-01-06 12:21:57] [INFO   ] - Server running on port 5000
[2026-01-06 12:21:58] [INFO   ] - MongoDB Connected...
[2026-01-06 12:22:04] [INFO   ] - Server running on port 5000
[2026-01-06 12:22:05] [INFO   ] - MongoDB Connected...
[2026-01-06 12:38:24] [INFO   ] - Server running on port 5000
[2026-01-06 12:38:25] [INFO   ] - MongoDB Connected...
[2026-01-06 13:30:35] [INFO   ] - Server running on port 5000
[2026-01-06 13:30:37] [INFO   ] - MongoDB Connected...
[2026-01-06 13:30:51] [INFO   ] - Client disconnected: 8t_am1cgWEkdg3RSAAAD
[2026-01-06 13:34:26] [INFO   ] - Client disconnected: cvQWXm4A5JJH3puiAAAB
[2026-01-06 13:40:00] [INFO   ] - Server running on port 5000
[2026-01-06 13:40:02] [INFO   ] - MongoDB Connected...
[2026-01-06 13:47:19] [INFO   ] - Client disconnected: 0XMS3WAq-1_QVnL8AAAD
[2026-01-06 13:48:27] [INFO   ] - Client disconnected: -huc4bqyOkzEJAWcAAAB
[2026-01-06 13:48:33] [INFO   ] - Client disconnected: Wup6ZO7yOAZyhc2MAAAH
[2026-01-06 13:52:04] [INFO   ] - Server running on port 5000
[2026-01-06 13:52:05] [INFO   ] - MongoDB Connected...
[2026-01-06 14:12:36] [INFO   ] - Server running on port 5000
[2026-01-06 14:12:37] [INFO   ] - MongoDB Connected...
[2026-01-06 14:12:50] [INFO   ] - Client disconnected: i6XSckvDDFmHa7vvAAAB
[2026-01-06 14:14:02] [INFO   ] - Client disconnected: DRsLqmujPfw4xU1VAAAF
[2026-01-06 14:14:43] [INFO   ] - Client disconnected: rRysTQymAgOvnzIKAAAH
[2026-01-06 14:21:21] [INFO   ] - Client disconnected: s-1RMSHovw3lh1ZlAAAJ
[2026-01-06 14:28:46] [INFO   ] - Client disconnected: 5EaJJWd55Tna1-HHAAAL
[2026-01-06 14:29:27] [INFO   ] - Client disconnected: Pu2JehBed1f7qCoQAAAN
[2026-01-06 14:31:27] [INFO   ] - Client disconnected: dXuCaSwXjn-22sUsAAAD
[2026-01-06 14:31:27] [ERROR  ] - Token verification failed: jwt expired
[2026-01-06 14:31:27] [ERROR  ] - Token verification failed: jwt expired
[2026-01-06 14:31:27] [ERROR  ] - Token verification failed: jwt expired
[2026-01-06 14:33:48] [INFO   ] - Server running on port 5000
[2026-01-06 14:33:49] [INFO   ] - MongoDB Connected...
[2026-01-06 14:33:56] [INFO   ] - Server running on port 5000
[2026-01-06 14:33:57] [INFO   ] - MongoDB Connected...
[2026-01-06 14:34:12] [INFO   ] - Server running on port 5000
[2026-01-06 14:34:13] [INFO   ] - MongoDB Connected...
[2026-01-06 16:33:49] [INFO   ] - Server running on port 5000
[2026-01-06 16:33:50] [INFO   ] - MongoDB Connected...
[2026-01-06 16:33:57] [INFO   ] - Server running on port 5000
[2026-01-06 16:33:59] [INFO   ] - MongoDB Connected...
[2026-01-06 16:34:04] [INFO   ] - Client disconnected: Nc5bQbgMRN__4GblAAAB
[2026-01-06 16:34:05] [ERROR  ] - Token verification failed: jwt expired
[2026-01-06 16:34:05] [ERROR  ] - Token verification failed: jwt expired
[2026-01-06 16:34:05] [ERROR  ] - Token verification failed: jwt expired
[2026-01-06 16:35:33] [INFO   ] - Client disconnected: 5WCepu2s4hrgy-vBAAAD
[2026-01-06 16:40:07] [INFO   ] - Server running on port 5000
[2026-01-06 16:40:08] [INFO   ] - MongoDB Connected...
[2026-01-06 16:40:57] [INFO   ] - Server running on port 5000
[2026-01-06 16:40:58] [INFO   ] - MongoDB Connected...
[2026-01-06 16:43:25] [INFO   ] - Server running on port 5000
[2026-01-06 16:43:27] [INFO   ] - MongoDB Connected...
[2026-01-06 16:54:08] [INFO   ] - Server running on port 5000
[2026-01-06 16:54:09] [INFO   ] - MongoDB Connected...
[2026-01-06 16:55:01] [INFO   ] - Server running on port 5000
[2026-01-06 16:55:02] [INFO   ] - MongoDB Connected...
[2026-01-06 16:55:12] [INFO   ] - Server running on port 5000
[2026-01-06 16:55:15] [INFO   ] - MongoDB Connected...
[2026-01-06 16:55:36] [INFO   ] - Server running on port 5000
[2026-01-06 16:55:40] [INFO   ] - MongoDB Connected...
[2026-01-06 16:56:15] [INFO   ] - Server running on port 5000
[2026-01-06 16:56:18] [INFO   ] - MongoDB Connected...
[2026-01-06 16:57:34] [INFO   ] - Server running on port 5000
[2026-01-06 16:57:36] [INFO   ] - MongoDB Connected...
[2026-01-06 16:57:59] [INFO   ] - Server running on port 5000
[2026-01-06 16:58:00] [INFO   ] - MongoDB Connected...
[2026-01-06 16:58:31] [INFO   ] - Server running on port 5000
[2026-01-06 16:58:35] [INFO   ] - MongoDB Connected...
[2026-01-06 16:59:24] [INFO   ] - Server running on port 5000
[2026-01-06 16:59:26] [INFO   ] - MongoDB Connected...
[2026-01-06 16:59:41] [INFO   ] - Client disconnected: 7U866Hw7FQRe0b-9AAAB
[2026-01-06 17:15:44] [INFO   ] - Client disconnected: 1J2rTZ6aKDzIiiiNAAAD
[2026-01-06 17:30:47] [INFO   ] - Client disconnected: e3id_xXvQM5mUbsAAAAF
[2026-01-06 17:45:51] [INFO   ] - Client disconnected: _dDdBxNTPVqUVcjQAAAH
[2026-01-06 17:45:53] [ERROR  ] - Token verification failed: jwt expired
[2026-01-06 17:45:53] [ERROR  ] - Token verification failed: jwt expired
[2026-01-06 17:45:53] [ERROR  ] - Token verification failed: jwt expired
[2026-01-06 18:00:54] [INFO   ] - Client disconnected: 47Tuh4WBgf9xQIE8AAAJ
[2026-01-06 18:15:58] [INFO   ] - Client disconnected: xJrsDColV1tpWCo2AAAL
[2026-01-06 18:31:01] [INFO   ] - Client disconnected: h-usmjLvv08kSEZaAAAN
[2026-01-06 18:46:04] [INFO   ] - Client disconnected: yHsvU0gZD8hJJjlVAAAP
[2026-01-06 18:46:06] [ERROR  ] - Token verification failed: jwt expired
[2026-01-06 18:46:06] [ERROR  ] - Token verification failed: jwt expired
[2026-01-06 18:46:06] [ERROR  ] - Token verification failed: jwt expired
[2026-01-06 19:03:18] [INFO   ] - Client disconnected: 1vvuGTMNIv-f5DDiAAAR
[2026-01-06 19:05:17] [INFO   ] - Client disconnected: LgQp78MbtTp8TtBHAAAT
[2026-01-06 19:13:20] [INFO   ] - Client disconnected: _NA51HYbOmuCeNj4AAAV
[2026-01-06 19:15:58] [INFO   ] - Client disconnected: b_V10uf4sm6X4C9jAAAb
[2026-01-06 19:23:37] [INFO   ] - Server running on port 5000
[2026-01-06 19:23:38] [INFO   ] - MongoDB Connected...
[2026-01-06 19:24:14] [INFO   ] - Server running on port 5000
[2026-01-06 19:24:15] [INFO   ] - MongoDB Connected...
[2026-01-06 19:24:28] [INFO   ] - Server running on port 5000
[2026-01-06 19:24:29] [INFO   ] - MongoDB Connected...
[2026-01-06 19:24:33] [INFO   ] - Server running on port 5000
[2026-01-06 19:24:38] [INFO   ] - Server running on port 5000
[2026-01-06 19:24:42] [INFO   ] - Server running on port 5000
[2026-01-06 19:24:43] [INFO   ] - MongoDB Connected...
[2026-01-06 19:25:13] [INFO   ] - Server running on port 5000
[2026-01-06 19:25:14] [INFO   ] - MongoDB Connected...
[2026-01-06 19:26:46] [INFO   ] - Server running on port 5000
[2026-01-06 19:26:48] [INFO   ] - MongoDB Connected...
[2026-01-06 19:27:31] [INFO   ] - Client disconnected: 61y1fiNBvV6mN21hAAAD
[2026-01-06 19:27:31] [INFO   ] - Client disconnected: zoyYlgn5QgQkP33OAAAB
[2026-01-06 19:33:49] [INFO   ] - Server running on port 5000
[2026-01-06 19:33:52] [INFO   ] - MongoDB Connected...
[2026-01-06 19:35:31] [INFO   ] - Server running on port 5000
[2026-01-06 19:35:33] [INFO   ] - MongoDB Connected...
[2026-01-06 19:35:42] [INFO   ] - Server running on port 5000
[2026-01-06 19:35:43] [INFO   ] - MongoDB Connected...
[2026-01-06 19:36:18] [INFO   ] - Server running on port 5000
[2026-01-06 19:36:19] [INFO   ] - MongoDB Connected...
[2026-01-06 19:36:26] [INFO   ] - Server running on port 5000
[2026-01-06 19:36:36] [INFO   ] - MongoDB Connected...
[2026-01-06 20:01:49] [INFO   ] - Client disconnected: i7lKbu-gfu_qGDITAAAD
[2026-01-06 20:01:49] [INFO   ] - Client disconnected: XjCjWAmVNqt0lVq4AAAB
[2026-01-06 20:01:53] [ERROR  ] - Token verification failed: jwt expired
[2026-01-06 20:01:53] [ERROR  ] - Token verification failed: jwt expired
[2026-01-06 20:01:53] [ERROR  ] - Token verification failed: jwt expired
[2026-01-06 20:15:48] [INFO   ] - Client disconnected: N74LufilUtP7TU4yAAAF
[2026-01-06 20:15:48] [INFO   ] - Client disconnected: w6z9tc0M7iuhQ5k8AAAH
[2026-01-06 20:25:51] [INFO   ] - Client disconnected: RlI2ovwu8rbBOe4vAAAL
[2026-01-06 20:25:51] [INFO   ] - Client disconnected: LLHWm9oMrygSvxJXAAAJ
[2026-01-06 20:35:54] [INFO   ] - Client disconnected: 1eAIPYTBOL7wKJehAAAN
[2026-01-06 20:35:54] [INFO   ] - Client disconnected: dhLgDEPCDthdfYchAAAP
[2026-01-06 20:45:57] [INFO   ] - Client disconnected: smjKibsy98CLIvtIAAAT
[2026-01-06 20:45:57] [INFO   ] - Client disconnected: j30ymBTldTETKOUPAAAR
[2026-01-06 20:56:00] [INFO   ] - Client disconnected: dwbU465fdsKbrO3PAAAX
[2026-01-06 20:56:00] [INFO   ] - Client disconnected: A-WIWD2s-V3CBFueAAAV
[2026-01-06 21:06:03] [INFO   ] - Client disconnected: 7qr0JcxSJ_ChhJBnAAAb
[2026-01-06 21:06:03] [INFO   ] - Client disconnected: WMaQSDeO74h4SXd0AAAZ
[2026-01-06 21:06:06] [ERROR  ] - Token verification failed: jwt expired
[2026-01-06 21:06:06] [ERROR  ] - Token verification failed: jwt expired
[2026-01-06 21:06:06] [ERROR  ] - Token verification failed: jwt expired
[2026-01-06 21:16:09] [INFO   ] - Client disconnected: UmPMIKhB7rADLbgdAAAf
[2026-01-06 21:16:09] [INFO   ] - Client disconnected: ZseXDLBOTd0sWzAAAAAd
[2026-01-06 21:26:12] [INFO   ] - Client disconnected: 28fiNu4aK_75MV7SAAAj
[2026-01-06 21:26:12] [INFO   ] - Client disconnected: wV_fOrZStjqxpgNsAAAh
[2026-01-06 21:52:02] [INFO   ] - Server running on port 5000
[2026-01-06 21:52:03] [INFO   ] - MongoDB Connected...
[2026-01-06 21:53:10] [INFO   ] - Server running on port 5000
[2026-01-06 21:53:11] [INFO   ] - MongoDB Connected...
[2026-01-06 21:53:18] [INFO   ] - Client disconnected: qrlZ1qPuQLjPcuXkAAAB
[2026-01-06 21:54:38] [ERROR  ] - Token verification failed: jwt expired
[2026-01-06 21:55:47] [INFO   ] - Client disconnected: t4VUzsZnMym_HM7OAAAD
[2026-01-06 22:09:15] [INFO   ] - Client disconnected: oI0ug_wrzRoOt4X_AAAH
[2026-01-06 22:09:15] [INFO   ] - Client disconnected: 8fJeM5mbWUjoGRd0AAAF
[2026-01-06 22:09:19] [ERROR  ] - Token verification failed: jwt expired
[2026-01-06 22:09:19] [ERROR  ] - Token verification failed: jwt expired
[2026-01-06 22:09:19] [ERROR  ] - Token verification failed: jwt expired
[2026-01-06 22:31:55] [INFO   ] - Server running on port 5000
[2026-01-06 22:31:56] [INFO   ] - MongoDB Connected...
[2026-01-06 22:32:07] [INFO   ] - Server running on port 5000
[2026-01-06 22:32:08] [INFO   ] - MongoDB Connected...
[2026-01-06 22:32:12] [INFO   ] - Server running on port 5000
[2026-01-06 22:32:14] [INFO   ] - MongoDB Connected...
[2026-01-06 22:32:27] [INFO   ] - Server running on port 5000
[2026-01-06 22:32:31] [INFO   ] - MongoDB Connected...
[2026-01-06 22:33:15] [INFO   ] - Server running on port 5000
[2026-01-06 22:33:18] [INFO   ] - MongoDB Connected...
[2026-01-06 22:49:27] [INFO   ] - Server running on port 5000
[2026-01-06 22:49:32] [INFO   ] - Server running on port 5000
[2026-01-06 22:49:36] [INFO   ] - Server running on port 5000
[2026-01-06 22:49:37] [INFO   ] - MongoDB Connected...
[2026-01-06 23:08:29] [INFO   ] - Client disconnected: KzueZcloozwmntCgAAAB
[2026-01-06 23:08:29] [INFO   ] - Client disconnected: T2NTvRwB0YzEA_7mAAAD
[2026-01-06 23:08:29] [ERROR  ] - Token verification failed: jwt expired
[2026-01-06 23:08:31] [ERROR  ] - Token verification failed: jwt expired
[2026-01-06 23:08:31] [ERROR  ] - Token verification failed: jwt expired
[2026-01-06 23:21:40] [INFO   ] - Server running on port 5000
[2026-01-06 23:21:43] [INFO   ] - Server running on port 5000
[2026-01-06 23:21:44] [INFO   ] - MongoDB Connected...
[2026-01-06 23:21:51] [INFO   ] - Server running on port 5000
[2026-01-06 23:21:54] [INFO   ] - MongoDB Connected...
[2026-01-06 23:21:58] [INFO   ] - Server running on port 5000
[2026-01-06 23:22:02] [INFO   ] - MongoDB Connected...
[2026-01-06 23:22:31] [INFO   ] - Server running on port 5000
[2026-01-06 23:22:33] [INFO   ] - MongoDB Connected...
[2026-01-06 23:22:45] [INFO   ] - Server running on port 5000
[2026-01-06 23:23:00] [INFO   ] - Server running on port 5000
[2026-01-06 23:23:02] [INFO   ] - Server running on port 5000
[2026-01-06 23:23:04] [INFO   ] - MongoDB Connected...
[2026-01-06 23:23:23] [INFO   ] - Server running on port 5000
[2026-01-06 23:23:24] [INFO   ] - MongoDB Connected...
[2026-01-06 23:39:17] [INFO   ] - Server running on port 5000
[2026-01-06 23:39:18] [INFO   ] - MongoDB Connected...
[2026-01-06 23:39:46] [ERROR  ] - Token verification failed: jwt expired
[2026-01-06 23:41:54] [INFO   ] - Client disconnected: -5aQ04stZ_tsmyfxAAAD
[2026-01-06 23:43:16] [INFO   ] - Client disconnected: Qn1wJBCwOFoqb4FwAAAB
[2026-01-06 23:46:07] [INFO   ] - Client disconnected: zxqTcjovT-1b0WP8AAAH
[2026-01-06 23:46:12] [INFO   ] - Client disconnected: AaNgf2d44QpT7boxAAAF
