[2026-01-08 16:32:59] [INFO   ] - Server running on port 5000
[2026-01-08 16:33:01] [INFO   ] - MongoDB Connected...
[2026-01-08 16:33:16] [INFO   ] - Client disconnected: x8_dlQhCRrJmntVlAAAB
[2026-01-08 16:40:17] [INFO   ] - Server running on port 5000
[2026-01-08 16:40:19] [INFO   ] - MongoDB Connected...
[2026-01-08 16:40:27] [ERROR  ] - GET /api/categories/trending-services 500 assignValue is not a function -> assignValue is not a function
[2026-01-08 16:40:27] [ERROR  ] - GET /api/categories/popular-services 500 assignValue is not a function -> assignValue is not a function
[2026-01-08 16:40:27] [ERROR  ] - GET /api/provider/getFeaturedProviders 500 assignValue is not a function -> assignValue is not a function
[2026-01-08 16:41:17] [INFO   ] - Server running on port 5000
[2026-01-08 16:41:20] [INFO   ] - MongoDB Connected...
[2026-01-08 16:44:35] [INFO   ] - Server running on port 5000
[2026-01-08 16:44:37] [INFO   ] - MongoDB Connected...
[2026-01-08 16:45:00] [INFO   ] - Client disconnected: XTXAm1eof-j81tU0AAAB
[2026-01-08 20:22:53] [INFO   ] - Server running on port 5000
[2026-01-08 20:22:55] [INFO   ] - MongoDB Connected...
[2026-01-08 20:23:02] [ERROR  ] - Token verification failed: jwt expired
[2026-01-08 20:23:29] [INFO   ] - Server running on port 5000
[2026-01-08 20:23:51] [INFO   ] - MongoDB Connected...
[2026-01-08 20:23:56] [INFO   ] - Client disconnected: e-6_INU_kkDZan9_AAAB
[2026-01-08 20:24:06] [ERROR  ] - GET /api/auth/getUser 500 CORS policy violation: Origin not allowed -> CORS policy violation: Origin not allowed
[2026-01-08 20:24:06] [ERROR  ] - GET /api/categories/top-level 500 CORS policy violation: Origin not allowed -> CORS policy violation: Origin not allowed
[2026-01-08 20:24:06] [ERROR  ] - GET /api/provider/getFeaturedProviders 500 CORS policy violation: Origin not allowed -> CORS policy violation: Origin not allowed
[2026-01-08 20:24:06] [ERROR  ] - GET /api/categories/popular-services 500 CORS policy violation: Origin not allowed -> CORS policy violation: Origin not allowed
[2026-01-08 20:24:06] [ERROR  ] - GET /api/categories/trending-services 500 CORS policy violation: Origin not allowed -> CORS policy violation: Origin not allowed
[2026-01-08 20:24:06] [ERROR  ] - GET /api/chatbot/session/tz0lJKyeDi 500 CORS policy violation: Origin not allowed -> CORS policy violation: Origin not allowed
[2026-01-08 21:37:13] [INFO   ] - Server running on port 5000
[2026-01-08 21:37:15] [INFO   ] - MongoDB Connected...
[2026-01-08 21:37:30] [ERROR  ] - GET /api/api/auth/getUser 404 Not Found - /api/api/auth/getUser -> Not Found - /api/api/auth/getUser
[2026-01-08 21:37:30] [ERROR  ] - GET /api/api/categories/top-level 404 Not Found - /api/api/categories/top-level -> Not Found - /api/api/categories/top-level
[2026-01-08 21:37:30] [ERROR  ] - GET /api/api/provider/getFeaturedProviders 404 Not Found - /api/api/provider/getFeaturedProviders -> Not Found - /api/api/provider/getFeaturedProviders
[2026-01-08 21:37:30] [ERROR  ] - GET /api/api/categories/popular-services 404 Not Found - /api/api/categories/popular-services -> Not Found - /api/api/categories/popular-services
[2026-01-08 21:37:30] [ERROR  ] - GET /api/api/categories/trending-services 404 Not Found - /api/api/categories/trending-services -> Not Found - /api/api/categories/trending-services
[2026-01-08 21:37:30] [ERROR  ] - GET /api/api/chatbot/session/tz0lJKyeDi 404 Not Found - /api/api/chatbot/session/tz0lJKyeDi -> Not Found - /api/api/chatbot/session/tz0lJKyeDi
[2026-01-08 21:37:38] [INFO   ] - Client disconnected: 3m9jvxS6BxphvVlaAAAB
[2026-01-08 21:37:39] [ERROR  ] - Token verification failed: jwt expired
[2026-01-08 21:37:43] [INFO   ] - Server running on port 5000
[2026-01-08 21:37:46] [INFO   ] - MongoDB Connected...
[2026-01-08 21:37:48] [INFO   ] - Client disconnected: DzuOyx62OJA_K8FUAAAB
[2026-01-08 21:38:40] [INFO   ] - Socket K-QWI7ArN8wl98f4AAAD joined booking room: 693b984afe1c6bb4909a86e2-693c34377b0eabc86dce77de
[2026-01-08 21:38:47] [INFO   ] - Socket mW8m55omGASEkXMAAAAF joined booking room: 693b935ffe1c6bb4909a8656-693b984afe1c6bb4909a86e2
[2026-01-08 21:38:47] [INFO   ] - Socket mW8m55omGASEkXMAAAAF joined booking room: 693b984afe1c6bb4909a86e2-693c34377b0eabc86dce77de
[2026-01-08 21:39:02] [INFO   ] - Socket mW8m55omGASEkXMAAAAF joined booking room: 693b984afe1c6bb4909a86e2-693c34377b0eabc86dce77de
[2026-01-08 21:39:02] [ERROR  ] - POST /api/auth/refresh-token 401 Refresh token not found -> Refresh token not found
[2026-01-08 21:39:02] [INFO   ] - Client disconnected: mW8m55omGASEkXMAAAAF
[2026-01-08 21:39:04] [INFO   ] - Client disconnected: 7PzwauxbrX7iUuRBAAAH
[2026-01-08 21:39:09] [INFO   ] - Socket K-QWI7ArN8wl98f4AAAD joined booking room: 693b984afe1c6bb4909a86e2-693c34377b0eabc86dce77de
[2026-01-08 21:39:09] [ERROR  ] - POST /api/auth/refresh-token 401 Refresh token not found -> Refresh token not found
[2026-01-08 21:39:09] [INFO   ] - Client disconnected: K-QWI7ArN8wl98f4AAAD
[2026-01-08 21:39:21] [INFO   ] - the reset link
[2026-01-08 21:39:21] [INFO   ] - Sending resetLink email http://localhost:5173/reset-password/1b677383f98cf9f7df72c9fc69c067014b0f93369115b60a48df96c7d3a2605f 
[2026-01-08 21:39:29] [INFO   ] - Password reset email sent to lithesh@gmail.com
[2026-01-08 21:40:23] [ERROR  ] - POST /api/auth/reset-password 500 [
  {
    "expected": "string",
    "code": "invalid_type",
    "path": [
      "confirmNewPassword"
    ],
    "message": "Invalid input: expected string, received undefined"
  }
] -> [
  {
    "expected": "string",
    "code": "invalid_type",
    "path": [
      "confirmNewPassword"
    ],
    "message": "Invalid input: expected string, received undefined"
  }
]
[2026-01-08 21:40:29] [ERROR  ] - POST /api/auth/reset-password 500 [
  {
    "expected": "string",
    "code": "invalid_type",
    "path": [
      "confirmNewPassword"
    ],
    "message": "Invalid input: expected string, received undefined"
  }
] -> [
  {
    "expected": "string",
    "code": "invalid_type",
    "path": [
      "confirmNewPassword"
    ],
    "message": "Invalid input: expected string, received undefined"
  }
]
[2026-01-08 21:41:31] [INFO   ] - Server running on port 5000
[2026-01-08 21:41:36] [INFO   ] - MongoDB Connected...
[2026-01-08 21:41:39] [INFO   ] - Server running on port 5000
[2026-01-08 21:41:41] [INFO   ] - MongoDB Connected...
[2026-01-08 21:41:47] [ERROR  ] - POST /api/auth/reset-password 500 [
  {
    "expected": "string",
    "code": "invalid_type",
    "path": [
      "confirmNewPassword"
    ],
    "message": "Invalid input: expected string, received undefined"
  }
] -> [
  {
    "expected": "string",
    "code": "invalid_type",
    "path": [
      "confirmNewPassword"
    ],
    "message": "Invalid input: expected string, received undefined"
  }
]
[2026-01-08 21:42:57] [INFO   ] - Client disconnected: 3sPOR92eTVYpyEm4AAAB
[2026-01-08 21:42:57] [INFO   ] - Client disconnected: ANzbh904JnCdM4TsAAAD
[2026-01-08 21:42:57] [ERROR  ] - POST /api/auth/refresh-token 401 Refresh token not found -> Refresh token not found
[2026-01-08 21:42:57] [INFO   ] - Client disconnected: 1MTZQaPTKdzQceX_AAAF
[2026-01-08 21:42:58] [ERROR  ] - POST /api/auth/refresh-token 401 Refresh token not found -> Refresh token not found
[2026-01-08 21:42:58] [INFO   ] - Client disconnected: NK0xXllGK8lSw_ooAAAJ
[2026-01-08 21:42:58] [INFO   ] - Client disconnected: hijl_1Nl2DL5wPFlAAAH
[2026-01-08 21:42:59] [ERROR  ] - POST /api/auth/refresh-token 401 Refresh token not found -> Refresh token not found
[2026-01-08 21:42:59] [INFO   ] - Client disconnected: y0PV5dWiKvbM6_UdAAAL
[2026-01-08 21:42:59] [INFO   ] - Client disconnected: gZ7gcn-MfA5nj3phAAAN
[2026-01-08 21:43:00] [ERROR  ] - POST /api/auth/refresh-token 401 Refresh token not found -> Refresh token not found
[2026-01-08 21:43:00] [INFO   ] - Client disconnected: Mn2FRTRTvqUPd9AIAAAR
[2026-01-08 21:43:23] [INFO   ] - Server running on port 5000
[2026-01-08 21:43:24] [INFO   ] - MongoDB Connected...
[2026-01-08 21:43:33] [INFO   ] - Client disconnected: F4znHpoRll5GZQAeAAAD
[2026-01-08 21:43:38] [INFO   ] - the reset link
[2026-01-08 21:43:38] [INFO   ] - Sending resetLink email http://localhost:5173/reset-password/039d4dcb362e1a50345daf09ce826a293f5057e86c83b22ed2c4d27862677f8f 
[2026-01-08 21:43:43] [INFO   ] - Password reset email sent to lithesh@gmail.com
[2026-01-08 21:44:04] [INFO   ] - Client disconnected: VfyzyAAtvybXv4L0AAAB
[2026-01-08 21:45:10] [INFO   ] - Client disconnected: 6ZLHp4bL19WAUEMMAAAF
[2026-01-08 21:45:11] [ERROR  ] - POST /api/auth/refresh-token 401 Refresh token not found -> Refresh token not found
[2026-01-08 21:45:11] [INFO   ] - Client disconnected: G6MOarbJUy7aGJVLAAAH
[2026-01-08 21:45:13] [INFO   ] - Client disconnected: LJ4is_GX5LjuEqCgAAAJ
[2026-01-08 21:45:14] [ERROR  ] - POST /api/auth/refresh-token 401 Refresh token not found -> Refresh token not found
[2026-01-08 21:45:14] [INFO   ] - Client disconnected: _zdPNBJ7VZvWdOj6AAAL
[2026-01-08 21:45:19] [INFO   ] - Client disconnected: ZpuARw2iIFbqmndzAAAN
[2026-01-08 21:45:21] [ERROR  ] - POST /api/auth/refresh-token 401 Refresh token not found -> Refresh token not found
[2026-01-08 21:45:21] [INFO   ] - Client disconnected: vaD4okl3l9_xwweDAAAP
[2026-01-08 21:45:22] [INFO   ] - Client disconnected: Ljhhdzv2ZQZclLVBAAAR
[2026-01-08 21:45:23] [ERROR  ] - POST /api/auth/refresh-token 401 Refresh token not found -> Refresh token not found
[2026-01-08 21:45:23] [INFO   ] - Client disconnected: M0W9HTA8IeAStU9YAAAT
[2026-01-08 21:47:34] [INFO   ] - Client disconnected: 395ZGW8GuGT8b8T3AAAX
[2026-01-08 21:47:34] [INFO   ] - Client disconnected: TbisjBjaZaQxoSYQAAAV
[2026-01-08 21:47:34] [ERROR  ] - POST /api/auth/refresh-token 401 Refresh token not found -> Refresh token not found
[2026-01-08 21:47:34] [INFO   ] - Client disconnected: wHNm9zvWIwWwbWqSAAAZ
[2026-01-08 21:47:35] [ERROR  ] - POST /api/auth/refresh-token 401 Refresh token not found -> Refresh token not found
[2026-01-08 21:47:35] [INFO   ] - Client disconnected: R0rV3ji7en9LKkGIAAAd
[2026-01-08 21:47:52] [INFO   ] - Server running on port 5000
[2026-01-08 21:47:56] [INFO   ] - MongoDB Connected...
[2026-01-08 21:53:52] [INFO   ] - Server running on port 5000
[2026-01-08 21:53:54] [INFO   ] - MongoDB Connected...
[2026-01-08 21:54:58] [INFO   ] - Server running on port 5000
[2026-01-08 21:55:01] [INFO   ] - MongoDB Connected...
[2026-01-08 21:55:08] [INFO   ] - Client disconnected: UofsoYLXAxvMQTDFAAAB
[2026-01-08 21:55:10] [ERROR  ] - POST /api/auth/refresh-token 401 Refresh token not found -> Refresh token not found
[2026-01-08 21:55:10] [INFO   ] - Client disconnected: qrKprYOnvAyRBIWpAAAF
[2026-01-08 21:55:46] [INFO   ] - Socket C2er7e5E5gXZNTgoAAAJ joined booking room: 693b984afe1c6bb4909a86e2-693c34377b0eabc86dce77de
[2026-01-08 21:55:52] [INFO   ] - Socket 8MrXCwA8f3t8FkKAAAAH joined booking room: 693b984afe1c6bb4909a86e2-693c34377b0eabc86dce77de
[2026-01-08 21:56:11] [INFO   ] - Client disconnected: fNxvIHwaVBK8joOjAAAD
[2026-01-08 21:56:45] [INFO   ] - Client disconnected: 8MrXCwA8f3t8FkKAAAAH
[2026-01-08 21:56:47] [INFO   ] - Client disconnected: iFCzudjAF6krc4ulAAAL
[2026-01-08 21:59:19] [INFO   ] - Server running on port 5000
[2026-01-08 21:59:21] [INFO   ] - MongoDB Connected...
[2026-01-08 21:59:22] [INFO   ] - Socket FP-zheLYV89tiZL1AAAB joined booking room: 693b984afe1c6bb4909a86e2-693c34377b0eabc86dce77de
[2026-01-08 21:59:42] [INFO   ] - Socket 9TG7L75ZAEkpt1WBAAAD joined booking room: 693b984afe1c6bb4909a86e2-693c34377b0eabc86dce77de
[2026-01-08 21:59:50] [INFO   ] - Client disconnected: FP-zheLYV89tiZL1AAAB
[2026-01-08 21:59:51] [INFO   ] - Socket B3eRIIA9sFxmz1I1AAAF joined booking room: 693b984afe1c6bb4909a86e2-693c34377b0eabc86dce77de
[2026-01-08 22:00:04] [INFO   ] - Client disconnected: B3eRIIA9sFxmz1I1AAAF
[2026-01-08 22:00:07] [INFO   ] - Client disconnected: 9TG7L75ZAEkpt1WBAAAD
